$ next build
   ▲ Next.js 15.3.9
   - Environments: .env.local

   Creating an optimized production build ...
 ✓ Compiled successfully in 2000ms
   Linting and checking validity of types ...
 ⨯ ESLint must be installed in order to run during builds: pnpm install --save-dev eslint
   Collecting page data ...
   Generating static pages (0/14) ...
   Generating static pages (3/14) 
   Generating static pages (6/14) 
[getLatestArticles] Service error, falling back to local seed: Error: Dynamic server usage: Route / couldn't be rendered statically because it used `cookies`. See more info here: https://nextjs.org/docs/messages/dynamic-server-error
    at m (.next/server/chunks/491.js:19:5566)
    at h (.next/server/chunks/885.js:81:21207)
    at s (.next/server/chunks/508.js:95:3084)
    at l (.next/server/chunks/508.js:95:1435)
    at g (.next/server/app/page.js:1:23322)
    at stringify (<anonymous>) {
  description: "Route / couldn't be rendered statically because it used `cookies`. See more info here: https://nextjs.org/docs/messages/dynamic-server-error",
  digest: 'DYNAMIC_SERVER_USAGE'
}
[getTodaysEntry] Service error, using fallback: Error: Dynamic server usage: Route / couldn't be rendered statically because it used `cookies`. See more info here: https://nextjs.org/docs/messages/dynamic-server-error
    at m (.next/server/chunks/491.js:19:5566)
    at h (.next/server/chunks/885.js:81:21207)
    at s (.next/server/chunks/508.js:95:3084)
    at c (.next/server/app/page.js:44:13008)
    at g (.next/server/app/page.js:1:23334)
    at stringify (<anonymous>) {
  description: "Route / couldn't be rendered statically because it used `cookies`. See more info here: https://nextjs.org/docs/messages/dynamic-server-error",
  digest: 'DYNAMIC_SERVER_USAGE'
}
[getApprovedSharedPages] Service error, using fallbacks: Error: Dynamic server usage: Route / couldn't be rendered statically because it used `cookies`. See more info here: https://nextjs.org/docs/messages/dynamic-server-error
    at m (.next/server/chunks/491.js:19:5566)
    at h (.next/server/chunks/885.js:81:21207)
    at s (.next/server/chunks/508.js:95:3084)
    at s (.next/server/chunks/234.js:1:14000)
    at g (.next/server/app/page.js:1:23345)
    at stringify (<anonymous>) {
  description: "Route / couldn't be rendered statically because it used `cookies`. See more info here: https://nextjs.org/docs/messages/dynamic-server-error",
  digest: 'DYNAMIC_SERVER_USAGE'
}
[getAllActiveEntries] Service error, using fallback: Error: Dynamic server usage: Route / couldn't be rendered statically because it used `cookies`. See more info here: https://nextjs.org/docs/messages/dynamic-server-error
    at m (.next/server/chunks/491.js:19:5566)
    at h (.next/server/chunks/885.js:81:21207)
    at s (.next/server/chunks/508.js:95:3084)
    at l (.next/server/app/page.js:44:12485)
    at d (.next/server/app/page.js:44:12880)
    at d (.next/server/app/page.js:1:23096) {
  description: "Route / couldn't be rendered statically because it used `cookies`. See more info here: https://nextjs.org/docs/messages/dynamic-server-error",
  digest: 'DYNAMIC_SERVER_USAGE'
}
[getAllActiveEntries] Service error, using fallback: Error: Dynamic server usage: Route / couldn't be rendered statically because it used `cookies`. See more info here: https://nextjs.org/docs/messages/dynamic-server-error
    at m (.next/server/chunks/491.js:19:5566)
    at h (.next/server/chunks/885.js:81:21207)
    at s (.next/server/chunks/508.js:95:3084)
    at l (.next/server/app/page.js:44:12485)
    at d (.next/server/app/page.js:1:23107)
    at stringify (<anonymous>) {
  description: "Route / couldn't be rendered statically because it used `cookies`. See more info here: https://nextjs.org/docs/messages/dynamic-server-error",
  digest: 'DYNAMIC_SERVER_USAGE'
}
[getApprovedSharedPages] Service error, using fallbacks: Error: Dynamic server usage: Route /community couldn't be rendered statically because it used `cookies`. See more info here: https://nextjs.org/docs/messages/dynamic-server-error
    at m (.next/server/chunks/491.js:19:5566)
    at h (.next/server/chunks/885.js:81:21207)
    at s (.next/server/chunks/508.js:95:3084)
    at s (.next/server/chunks/234.js:1:14000)
    at _ (.next/server/app/community/page.js:1:960)
    at stringify (<anonymous>) {
  description: "Route /community couldn't be rendered statically because it used `cookies`. See more info here: https://nextjs.org/docs/messages/dynamic-server-error",
  digest: 'DYNAMIC_SERVER_USAGE'
}
[getLatestArticles] Service error, falling back to local seed: Error: Dynamic server usage: Route /search couldn't be rendered statically because it used `cookies`. See more info here: https://nextjs.org/docs/messages/dynamic-server-error
    at m (.next/server/chunks/491.js:19:5566)
    at h (.next/server/chunks/885.js:81:21207)
    at s (.next/server/chunks/508.js:95:3084)
    at l (.next/server/chunks/508.js:95:1435)
    at d (.next/server/app/search/page.js:1:5185)
    at stringify (<anonymous>) {
  description: "Route /search couldn't be rendered statically because it used `cookies`. See more info here: https://nextjs.org/docs/messages/dynamic-server-error",
  digest: 'DYNAMIC_SERVER_USAGE'
}
   Generating static pages (10/14) 
Error occurred prerendering page "/admin/articles/new". Read more: https://nextjs.org/docs/messages/prerender-error
Error: @clerk/react: UserButton can only be used within the <ClerkProvider /> component. Learn more: https://clerk.com/docs/components/clerk-provider
    at Object.throwMissingClerkProviderError (/home/vanessa/Desktop/twn/.next/server/chunks/180.js:52:1671)
    at /home/vanessa/Desktop/twn/.next/server/chunks/180.js:42:409
    at ew (/home/vanessa/Desktop/twn/.next/server/chunks/180.js:42:42984)
    at l (/home/vanessa/Desktop/twn/.next/server/chunks/180.js:42:401)
    at s (/home/vanessa/Desktop/twn/.next/server/chunks/180.js:2:23860)
    at nF (/home/vanessa/Desktop/twn/node_modules/.pnpm/next@15.3.9_react-dom@19.2.7_react@19.2.7__react@19.2.7/node_modules/next/dist/compiled/next-server/app-page.runtime.prod.js:76:46843)
    at nH (/home/vanessa/Desktop/twn/node_modules/.pnpm/next@15.3.9_react-dom@19.2.7_react@19.2.7__react@19.2.7/node_modules/next/dist/compiled/next-server/app-page.runtime.prod.js:76:48618)
    at nH (/home/vanessa/Desktop/twn/node_modules/.pnpm/next@15.3.9_react-dom@19.2.7_react@19.2.7__react@19.2.7/node_modules/next/dist/compiled/next-server/app-page.runtime.prod.js:76:64688)
    at nW (/home/vanessa/Desktop/twn/node_modules/.pnpm/next@15.3.9_react-dom@19.2.7_react@19.2.7__react@19.2.7/node_modules/next/dist/compiled/next-server/app-page.runtime.prod.js:76:67762)
    at nq (/home/vanessa/Desktop/twn/node_modules/.pnpm/next@15.3.9_react-dom@19.2.7_react@19.2.7__react@19.2.7/node_modules/next/dist/compiled/next-server/app-page.runtime.prod.js:76:65337)
Export encountered an error on /(admin)/admin/articles/new/page: /admin/articles/new, exiting the build.
 ⨯ Next.js build worker exited with code: 1 and signal: null
[ELIFECYCLE] Command failed with exit code 1.
